============================= test session starts =============================
platform win32 -- Python 3.14.0, pytest-8.4.2, pluggy-1.6.0
rootdir: D:\kiwi
configfile: pyproject.toml
plugins: cov-7.0.0
collected 71 items

tests\auth\test_auth.py ....                                             [  5%]
tests\routes\test_portfolio_routes.py .FFFFFF                            [ 15%]
tests\routes\test_security_routes.py ....                                [ 21%]
tests\routes\test_trade_routes.py FF                                     [ 23%]
tests\routes\test_user_routes.py ........                                [ 35%]
tests\service\test_alpha_vantage_client.py ....                          [ 40%]
tests\service\test_portfolio_service.py ................                 [ 63%]
tests\service\test_security_service.py ...                               [ 67%]
tests\service\test_trade_service.py ......                               [ 76%]
tests\service\test_transaction_service.py ...                            [ 80%]
tests\service\test_user_service.py ..............                        [100%]

================================== FAILURES ===================================
____________________________ test_create_portfolio ____________________________

client = <FlaskClient <Flask 'app'>>
auth_headers = {'Authorization': 'Bearer validtoken'}

    def test_create_portfolio(client, auth_headers):
        data = {"name": "Test Port", "description": "Test", "username": "admin"}
        response = client.post('/portfolios/', json=data, headers=auth_headers)
>       assert response.status_code == 201
E       assert 500 == 201
E        +  where 500 = <WrapperTestResponse streamed [500 INTERNAL SERVER ERROR]>.status_code

tests\routes\test_portfolio_routes.py:14: AssertionError
---------------------------- Captured stdout call -----------------------------
Error in create_portfolio: 1 validation error for PortfolioCreateSchema
username
  Extra inputs are not permitted [type=extra_forbidden, input_value='admin', input_type=str]
    For further information visit https://errors.pydantic.dev/2.12/v/extra_forbidden
---------------------------- Captured stderr call -----------------------------
Traceback (most recent call last):
  File "D:\kiwi\app\routes\portfolio_routes.py", line 87, in create_portfolio
    req_data = PortfolioCreateSchema.model_validate(request.get_json(silent=True) or {})
  File "D:\kiwi\.venv\Lib\site-packages\pydantic\main.py", line 716, in model_validate
    return cls.__pydantic_validator__.validate_python(
           ~~~~~~~~~~~~~~~~~~~~~~~~~~~~~~~~~~~~~~~~~~^
        obj,
        ^^^^
    ...<5 lines>...
        by_name=by_name,
        ^^^^^^^^^^^^^^^^
    )
    ^
pydantic_core._pydantic_core.ValidationError: 1 validation error for PortfolioCreateSchema
username
  Extra inputs are not permitted [type=extra_forbidden, input_value='admin', input_type=str]
    For further information visit https://errors.pydantic.dev/2.12/v/extra_forbidden
______________________ test_create_portfolio_wrong_user _______________________

client = <FlaskClient <Flask 'app'>>
auth_headers = {'Authorization': 'Bearer validtoken'}

    def test_create_portfolio_wrong_user(client, auth_headers):
        data = {"name": "Test Port", "description": "Test", "username": "other_user"}
        response = client.post('/portfolios/', json=data, headers=auth_headers)
>       assert response.status_code == 422
E       assert 500 == 422
E        +  where 500 = <WrapperTestResponse streamed [500 INTERNAL SERVER ERROR]>.status_code

tests\routes\test_portfolio_routes.py:20: AssertionError
---------------------------- Captured stdout call -----------------------------
Error in create_portfolio: 1 validation error for PortfolioCreateSchema
username
  Extra inputs are not permitted [type=extra_forbidden, input_value='other_user', input_type=str]
    For further information visit https://errors.pydantic.dev/2.12/v/extra_forbidden
---------------------------- Captured stderr call -----------------------------
Traceback (most recent call last):
  File "D:\kiwi\app\routes\portfolio_routes.py", line 87, in create_portfolio
    req_data = PortfolioCreateSchema.model_validate(request.get_json(silent=True) or {})
  File "D:\kiwi\.venv\Lib\site-packages\pydantic\main.py", line 716, in model_validate
    return cls.__pydantic_validator__.validate_python(
           ~~~~~~~~~~~~~~~~~~~~~~~~~~~~~~~~~~~~~~~~~~^
        obj,
        ^^^^
    ...<5 lines>...
        by_name=by_name,
        ^^^^^^^^^^^^^^^^
    )
    ^
pydantic_core._pydantic_core.ValidationError: 1 validation error for PortfolioCreateSchema
username
  Extra inputs are not permitted [type=extra_forbidden, input_value='other_user', input_type=str]
    For further information visit https://errors.pydantic.dev/2.12/v/extra_forbidden
_____________________________ test_get_portfolio ______________________________

client = <FlaskClient <Flask 'app'>>
auth_headers = {'Authorization': 'Bearer validtoken'}
monkeypatch = <_pytest.monkeypatch.MonkeyPatch object at 0x000001CF60112750>

    def test_get_portfolio(client, auth_headers, monkeypatch):
        monkeypatch.setattr('app.routes.portfolio_routes.get_quote', lambda x: None)
        data = {"name": "Test Port", "description": "Test", "username": "admin"}
        create_resp = client.post('/portfolios/', json=data, headers=auth_headers)
>       pid = create_resp.json['portfolio_id']
              ^^^^^^^^^^^^^^^^^^^^^^^^^^^^^^^^
E       KeyError: 'portfolio_id'

tests\routes\test_portfolio_routes.py:26: KeyError
---------------------------- Captured stdout call -----------------------------
Error in create_portfolio: 1 validation error for PortfolioCreateSchema
username
  Extra inputs are not permitted [type=extra_forbidden, input_value='admin', input_type=str]
    For further information visit https://errors.pydantic.dev/2.12/v/extra_forbidden
---------------------------- Captured stderr call -----------------------------
Traceback (most recent call last):
  File "D:\kiwi\app\routes\portfolio_routes.py", line 87, in create_portfolio
    req_data = PortfolioCreateSchema.model_validate(request.get_json(silent=True) or {})
  File "D:\kiwi\.venv\Lib\site-packages\pydantic\main.py", line 716, in model_validate
    return cls.__pydantic_validator__.validate_python(
           ~~~~~~~~~~~~~~~~~~~~~~~~~~~~~~~~~~~~~~~~~~^
        obj,
        ^^^^
    ...<5 lines>...
        by_name=by_name,
        ^^^^^^^^^^^^^^^^
    )
    ^
pydantic_core._pydantic_core.ValidationError: 1 validation error for PortfolioCreateSchema
username
  Extra inputs are not permitted [type=extra_forbidden, input_value='admin', input_type=str]
    For further information visit https://errors.pydantic.dev/2.12/v/extra_forbidden
____________________________ test_delete_portfolio ____________________________

client = <FlaskClient <Flask 'app'>>
auth_headers = {'Authorization': 'Bearer validtoken'}
db_session = <sqlalchemy.orm.scoping.scoped_session object at 0x000001CF5F3CDA90>

    def test_delete_portfolio(client, auth_headers, db_session):
        data = {"name": "Delete Me", "description": "Test", "username": "admin"}
        create_resp = client.post('/portfolios/', json=data, headers=auth_headers)
>       pid = create_resp.json['portfolio_id']
              ^^^^^^^^^^^^^^^^^^^^^^^^^^^^^^^^
E       KeyError: 'portfolio_id'

tests\routes\test_portfolio_routes.py:35: KeyError
---------------------------- Captured stdout call -----------------------------
Error in create_portfolio: 1 validation error for PortfolioCreateSchema
username
  Extra inputs are not permitted [type=extra_forbidden, input_value='admin', input_type=str]
    For further information visit https://errors.pydantic.dev/2.12/v/extra_forbidden
---------------------------- Captured stderr call -----------------------------
Traceback (most recent call last):
  File "D:\kiwi\app\routes\portfolio_routes.py", line 87, in create_portfolio
    req_data = PortfolioCreateSchema.model_validate(request.get_json(silent=True) or {})
  File "D:\kiwi\.venv\Lib\site-packages\pydantic\main.py", line 716, in model_validate
    return cls.__pydantic_validator__.validate_python(
           ~~~~~~~~~~~~~~~~~~~~~~~~~~~~~~~~~~~~~~~~~~^
        obj,
        ^^^^
    ...<5 lines>...
        by_name=by_name,
        ^^^^^^^^^^^^^^^^
    )
    ^
pydantic_core._pydantic_core.ValidationError: 1 validation error for PortfolioCreateSchema
username
  Extra inputs are not permitted [type=extra_forbidden, input_value='admin', input_type=str]
    For further information visit https://errors.pydantic.dev/2.12/v/extra_forbidden
_________________________ test_portfolio_access_grant _________________________

client = <FlaskClient <Flask 'app'>>
auth_headers = {'Authorization': 'Bearer validtoken'}

    def test_portfolio_access_grant(client, auth_headers):
        data = {"name": "Access Port", "description": "Test", "username": "admin"}
        create_resp = client.post('/portfolios/', json=data, headers=auth_headers)
>       pid = create_resp.json['portfolio_id']
              ^^^^^^^^^^^^^^^^^^^^^^^^^^^^^^^^
E       KeyError: 'portfolio_id'

tests\routes\test_portfolio_routes.py:45: KeyError
---------------------------- Captured stdout call -----------------------------
Error in create_portfolio: 1 validation error for PortfolioCreateSchema
username
  Extra inputs are not permitted [type=extra_forbidden, input_value='admin', input_type=str]
    For further information visit https://errors.pydantic.dev/2.12/v/extra_forbidden
---------------------------- Captured stderr call -----------------------------
Traceback (most recent call last):
  File "D:\kiwi\app\routes\portfolio_routes.py", line 87, in create_portfolio
    req_data = PortfolioCreateSchema.model_validate(request.get_json(silent=True) or {})
  File "D:\kiwi\.venv\Lib\site-packages\pydantic\main.py", line 716, in model_validate
    return cls.__pydantic_validator__.validate_python(
           ~~~~~~~~~~~~~~~~~~~~~~~~~~~~~~~~~~~~~~~~~~^
        obj,
        ^^^^
    ...<5 lines>...
        by_name=by_name,
        ^^^^^^^^^^^^^^^^
    )
    ^
pydantic_core._pydantic_core.ValidationError: 1 validation error for PortfolioCreateSchema
username
  Extra inputs are not permitted [type=extra_forbidden, input_value='admin', input_type=str]
    For further information visit https://errors.pydantic.dev/2.12/v/extra_forbidden
________________________ test_portfolio_access_revoke _________________________

client = <FlaskClient <Flask 'app'>>
auth_headers = {'Authorization': 'Bearer validtoken'}

    def test_portfolio_access_revoke(client, auth_headers):
        data = {"name": "Access Port", "description": "Test", "username": "admin"}
        create_resp = client.post('/portfolios/', json=data, headers=auth_headers)
>       pid = create_resp.json['portfolio_id']
              ^^^^^^^^^^^^^^^^^^^^^^^^^^^^^^^^
E       KeyError: 'portfolio_id'

tests\routes\test_portfolio_routes.py:56: KeyError
---------------------------- Captured stdout call -----------------------------
Error in create_portfolio: 1 validation error for PortfolioCreateSchema
username
  Extra inputs are not permitted [type=extra_forbidden, input_value='admin', input_type=str]
    For further information visit https://errors.pydantic.dev/2.12/v/extra_forbidden
---------------------------- Captured stderr call -----------------------------
Traceback (most recent call last):
  File "D:\kiwi\app\routes\portfolio_routes.py", line 87, in create_portfolio
    req_data = PortfolioCreateSchema.model_validate(request.get_json(silent=True) or {})
  File "D:\kiwi\.venv\Lib\site-packages\pydantic\main.py", line 716, in model_validate
    return cls.__pydantic_validator__.validate_python(
           ~~~~~~~~~~~~~~~~~~~~~~~~~~~~~~~~~~~~~~~~~~^
        obj,
        ^^^^
    ...<5 lines>...
        by_name=by_name,
        ^^^^^^^^^^^^^^^^
    )
    ^
pydantic_core._pydantic_core.ValidationError: 1 validation error for PortfolioCreateSchema
username
  Extra inputs are not permitted [type=extra_forbidden, input_value='admin', input_type=str]
    For further information visit https://errors.pydantic.dev/2.12/v/extra_forbidden
_______________________________ test_buy_trade ________________________________

client = <FlaskClient <Flask 'app'>>
auth_headers = {'Authorization': 'Bearer validtoken'}
monkeypatch = <_pytest.monkeypatch.MonkeyPatch object at 0x000001CF6001AB10>

    def test_buy_trade(client, auth_headers, monkeypatch):
        from app.service.alpha_vantage_client import SecurityQuote
        def mock_get_quote(ticker):
            return SecurityQuote(ticker="AAPL", date="2023-11-20", price=150.0, issuer="Apple Inc.")
        monkeypatch.setattr("app.service.trade_service.get_quote", mock_get_quote)
        monkeypatch.setattr("app.routes.trade_routes.get_quote", mock_get_quote)
    
        create_resp = client.post('/portfolios/', json={"name": "Trade Port 1", "description": "Desc", "username": "admin"}, headers=auth_headers)
>       pid = create_resp.json['portfolio_id']
              ^^^^^^^^^^^^^^^^^^^^^^^^^^^^^^^^
E       KeyError: 'portfolio_id'

tests\routes\test_trade_routes.py:9: KeyError
---------------------------- Captured stdout call -----------------------------
Error in create_portfolio: 1 validation error for PortfolioCreateSchema
username
  Extra inputs are not permitted [type=extra_forbidden, input_value='admin', input_type=str]
    For further information visit https://errors.pydantic.dev/2.12/v/extra_forbidden
---------------------------- Captured stderr call -----------------------------
Traceback (most recent call last):
  File "D:\kiwi\app\routes\portfolio_routes.py", line 87, in create_portfolio
    req_data = PortfolioCreateSchema.model_validate(request.get_json(silent=True) or {})
  File "D:\kiwi\.venv\Lib\site-packages\pydantic\main.py", line 716, in model_validate
    return cls.__pydantic_validator__.validate_python(
           ~~~~~~~~~~~~~~~~~~~~~~~~~~~~~~~~~~~~~~~~~~^
        obj,
        ^^^^
    ...<5 lines>...
        by_name=by_name,
        ^^^^^^^^^^^^^^^^
    )
    ^
pydantic_core._pydantic_core.ValidationError: 1 validation error for PortfolioCreateSchema
username
  Extra inputs are not permitted [type=extra_forbidden, input_value='admin', input_type=str]
    For further information visit https://errors.pydantic.dev/2.12/v/extra_forbidden
_______________________________ test_sell_trade _______________________________

client = <FlaskClient <Flask 'app'>>
auth_headers = {'Authorization': 'Bearer validtoken'}
monkeypatch = <_pytest.monkeypatch.MonkeyPatch object at 0x000001CF60220E10>

    def test_sell_trade(client, auth_headers, monkeypatch):
        from app.service.alpha_vantage_client import SecurityQuote
        def mock_get_quote(ticker):
            return SecurityQuote(ticker="AAPL", date="2023-11-20", price=150.0, issuer="Apple Inc.")
        monkeypatch.setattr("app.service.trade_service.get_quote", mock_get_quote)
        monkeypatch.setattr("app.routes.trade_routes.get_quote", mock_get_quote)
    
        create_resp = client.post('/portfolios/', json={"name": "Trade Port 2", "description": "Desc", "username": "admin"}, headers=auth_headers)
>       pid = create_resp.json['portfolio_id']
              ^^^^^^^^^^^^^^^^^^^^^^^^^^^^^^^^
E       KeyError: 'portfolio_id'

tests\routes\test_trade_routes.py:23: KeyError
---------------------------- Captured stdout call -----------------------------
Error in create_portfolio: 1 validation error for PortfolioCreateSchema
username
  Extra inputs are not permitted [type=extra_forbidden, input_value='admin', input_type=str]
    For further information visit https://errors.pydantic.dev/2.12/v/extra_forbidden
---------------------------- Captured stderr call -----------------------------
Traceback (most recent call last):
  File "D:\kiwi\app\routes\portfolio_routes.py", line 87, in create_portfolio
    req_data = PortfolioCreateSchema.model_validate(request.get_json(silent=True) or {})
  File "D:\kiwi\.venv\Lib\site-packages\pydantic\main.py", line 716, in model_validate
    return cls.__pydantic_validator__.validate_python(
           ~~~~~~~~~~~~~~~~~~~~~~~~~~~~~~~~~~~~~~~~~~^
        obj,
        ^^^^
    ...<5 lines>...
        by_name=by_name,
        ^^^^^^^^^^^^^^^^
    )
    ^
pydantic_core._pydantic_core.ValidationError: 1 validation error for PortfolioCreateSchema
username
  Extra inputs are not permitted [type=extra_forbidden, input_value='admin', input_type=str]
    For further information visit https://errors.pydantic.dev/2.12/v/extra_forbidden
=========================== short test summary info ===========================
FAILED tests/routes/test_portfolio_routes.py::test_create_portfolio - assert ...
FAILED tests/routes/test_portfolio_routes.py::test_create_portfolio_wrong_user
FAILED tests/routes/test_portfolio_routes.py::test_get_portfolio - KeyError: ...
FAILED tests/routes/test_portfolio_routes.py::test_delete_portfolio - KeyErro...
FAILED tests/routes/test_portfolio_routes.py::test_portfolio_access_grant - K...
FAILED tests/routes/test_portfolio_routes.py::test_portfolio_access_revoke - ...
FAILED tests/routes/test_trade_routes.py::test_buy_trade - KeyError: 'portfol...
FAILED tests/routes/test_trade_routes.py::test_sell_trade - KeyError: 'portfo...
======================== 8 failed, 63 passed in 1.43s =========================
